<?xml version="1.0" encoding="UTF-8"?>
<testsuite name="com.galvanize.VendingMachineTest" tests="1" skipped="0" failures="0" errors="0" timestamp="2020-08-06T19:24:34" hostname="DESKTOP-GCQ6JIV" time="0.009">
  <properties/>
  <testcase name="errorCode()" classname="com.galvanize.VendingMachineTest" time="0.009"/>
  <system-out><![CDATA[]]></system-out>
  <system-err><![CDATA[]]></system-err>
</testsuite>
